# JRE version: OpenJDK Runtime Environment (11.0.10) (build 11.0.10+0-b96-7249189)
# Java VM: OpenJDK 64-Bit Server VM (11.0.10+0-b96-7249189, mixed mode, tiered, compressed oops, g1 gc, windows-amd64)
Heap:
 garbage-first heap   total 484352K, used 205512K [0x0000000080000000, 0x0000000100000000)
  region size 1024K, 2 young (2048K), 2 survivors (2048K)
 Metaspace       used 117423K, capacity 120784K, committed 121420K, reserved 1155072K
  class space    used 14812K, capacity 16026K, committed 16256K, reserved 1048576K
GC Heap History (20 events):
Event: 21.591 GC heap after
{Heap after GC invocations=31 (full 0):
 garbage-first heap   total 251904K, used 141778K [0x0000000080000000, 0x0000000100000000)
  region size 1024K, 11 young (11264K), 11 survivors (11264K)
 Metaspace       used 112816K, capacity 116033K, committed 116940K, reserved 1150976K
  class space    used 14127K, capacity 15277K, committed 15616K, reserved 1048576K
}
Event: 21.593 GC heap before
{Heap before GC invocations=31 (full 0):
 garbage-first heap   total 251904K, used 141778K [0x0000000080000000, 0x0000000100000000)
  region size 1024K, 12 young (12288K), 11 survivors (11264K)
 Metaspace       used 112818K, capacity 116033K, committed 116940K, reserved 1150976K
  class space    used 14127K, capacity 15277K, committed 15616K, reserved 1048576K
}
Event: 21.597 GC heap after
{Heap after GC invocations=32 (full 0):
 garbage-first heap   total 251904K, used 139627K [0x0000000080000000, 0x0000000100000000)
  region size 1024K, 2 young (2048K), 2 survivors (2048K)
 Metaspace       used 112818K, capacity 116033K, committed 116940K, reserved 1150976K
  class space    used 14127K, capacity 15277K, committed 15616K, reserved 1048576K
}
Event: 21.721 GC heap before
{Heap before GC invocations=32 (full 0):
 garbage-first heap   total 251904K, used 199019K [0x0000000080000000, 0x0000000100000000)
  region size 1024K, 61 young (62464K), 2 survivors (2048K)
 Metaspace       used 114705K, capacity 118013K, committed 118732K, reserved 1153024K
  class space    used 14420K, capacity 15638K, committed 15872K, reserved 1048576K
}
Event: 21.729 GC heap after
{Heap after GC invocations=33 (full 0):
 garbage-first heap   total 251904K, used 153600K [0x0000000080000000, 0x0000000100000000)
  region size 1024K, 8 young (8192K), 8 survivors (8192K)
 Metaspace       used 114705K, capacity 118013K, committed 118732K, reserved 1153024K
  class space    used 14420K, capacity 15638K, committed 15872K, reserved 1048576K
}
Event: 21.832 GC heap before
{Heap before GC invocations=33 (full 0):
 garbage-first heap   total 251904K, used 202752K [0x0000000080000000, 0x0000000100000000)
  region size 1024K, 56 young (57344K), 8 survivors (8192K)
 Metaspace       used 114967K, capacity 118225K, committed 118988K, reserved 1153024K
  class space    used 14409K, capacity 15579K, committed 15872K, reserved 1048576K
}
Event: 21.844 GC heap after
{Heap after GC invocations=34 (full 0):
 garbage-first heap   total 251904K, used 164213K [0x0000000080000000, 0x0000000100000000)
  region size 1024K, 7 young (7168K), 7 survivors (7168K)
 Metaspace       used 114967K, capacity 118225K, committed 118988K, reserved 1153024K
  class space    used 14409K, capacity 15579K, committed 15872K, reserved 1048576K
}
Event: 21.927 GC heap before
{Heap before GC invocations=35 (full 0):
 garbage-first heap   total 251904K, used 203125K [0x0000000080000000, 0x0000000100000000)
  region size 1024K, 46 young (47104K), 7 survivors (7168K)
 Metaspace       used 115733K, capacity 119082K, committed 119628K, reserved 1153024K
  class space    used 14536K, capacity 15766K, committed 16000K, reserved 1048576K
}
Event: 21.937 GC heap after
{Heap after GC invocations=36 (full 0):
 garbage-first heap   total 251904K, used 173056K [0x0000000080000000, 0x0000000100000000)
  region size 1024K, 6 young (6144K), 6 survivors (6144K)
 Metaspace       used 115733K, capacity 119082K, committed 119628K, reserved 1153024K
  class space    used 14536K, capacity 15766K, committed 16000K, reserved 1048576K
}
Event: 21.945 GC heap before
{Heap before GC invocations=36 (full 0):
 garbage-first heap   total 251904K, used 179200K [0x0000000080000000, 0x0000000100000000)
  region size 1024K, 12 young (12288K), 6 survivors (6144K)
 Metaspace       used 115773K, capacity 119149K, committed 119884K, reserved 1153024K
  class space    used 14544K, capacity 15767K, committed 16000K, reserved 1048576K
}
Event: 21.951 GC heap after
{Heap after GC invocations=37 (full 0):
 garbage-first heap   total 251904K, used 169457K [0x0000000080000000, 0x0000000100000000)
  region size 1024K, 2 young (2048K), 2 survivors (2048K)
 Metaspace       used 115773K, capacity 119149K, committed 119884K, reserved 1153024K
  class space    used 14544K, capacity 15767K, committed 16000K, reserved 1048576K
}
Event: 21.988 GC heap before
{Heap before GC invocations=37 (full 0):
 garbage-first heap   total 251904K, used 205297K [0x0000000080000000, 0x0000000100000000)
  region size 1024K, 38 young (38912K), 2 survivors (2048K)
 Metaspace       used 116176K, capacity 119545K, committed 120268K, reserved 1153024K
  class space    used 14617K, capacity 15857K, committed 16128K, reserved 1048576K
}
Event: 21.997 GC heap after
{Heap after GC invocations=38 (full 0):
 garbage-first heap   total 303104K, used 176771K [0x0000000080000000, 0x0000000100000000)
  region size 1024K, 5 young (5120K), 5 survivors (5120K)
 Metaspace       used 116176K, capacity 119545K, committed 120268K, reserved 1153024K
  class space    used 14617K, capacity 15857K, committed 16128K, reserved 1048576K
}
Event: 22.073 GC heap before
{Heap before GC invocations=38 (full 0):
 garbage-first heap   total 303104K, used 231043K [0x0000000080000000, 0x0000000100000000)
  region size 1024K, 58 young (59392K), 5 survivors (5120K)
 Metaspace       used 116711K, capacity 120073K, committed 120524K, reserved 1153024K
  class space    used 14710K, capacity 15946K, committed 16128K, reserved 1048576K
}
Event: 22.085 GC heap after
{Heap after GC invocations=39 (full 0):
 garbage-first heap   total 303104K, used 188144K [0x0000000080000000, 0x0000000100000000)
  region size 1024K, 8 young (8192K), 8 survivors (8192K)
 Metaspace       used 116711K, capacity 120073K, committed 120524K, reserved 1153024K
  class space    used 14710K, capacity 15946K, committed 16128K, reserved 1048576K
}
Event: 22.155 GC heap before
{Heap before GC invocations=39 (full 0):
 garbage-first heap   total 303104K, used 238320K [0x0000000080000000, 0x0000000100000000)
  region size 1024K, 57 young (58368K), 8 survivors (8192K)
 Metaspace       used 116835K, capacity 120140K, committed 120908K, reserved 1155072K
  class space    used 14706K, capacity 15896K, committed 16256K, reserved 1048576K
}
Event: 22.168 GC heap after
{Heap after GC invocations=40 (full 0):
 garbage-first heap   total 303104K, used 197903K [0x0000000080000000, 0x0000000100000000)
  region size 1024K, 8 young (8192K), 8 survivors (8192K)
 Metaspace       used 116835K, capacity 120140K, committed 120908K, reserved 1155072K
  class space    used 14706K, capacity 15896K, committed 16256K, reserved 1048576K
}
Event: 22.210 GC heap before
{Heap before GC invocations=41 (full 0):
 garbage-first heap   total 303104K, used 242959K [0x0000000080000000, 0x0000000100000000)
  region size 1024K, 53 young (54272K), 8 survivors (8192K)
 Metaspace       used 117343K, capacity 120646K, committed 121420K, reserved 1155072K
  class space    used 14793K, capacity 15980K, committed 16256K, reserved 1048576K
}
Event: 22.221 GC heap after
{Heap after GC invocations=42 (full 0):
 garbage-first heap   total 303104K, used 206678K [0x0000000080000000, 0x0000000100000000)
  region size 1024K, 7 young (7168K), 7 survivors (7168K)
 Metaspace       used 117343K, capacity 120646K, committed 121420K, reserved 1155072K
  class space    used 14793K, capacity 15980K, committed 16256K, reserved 1048576K
}
Event: 22.227 GC heap before
{Heap before GC invocations=42 (full 0):
 garbage-first heap   total 303104K, used 212822K [0x0000000080000000, 0x0000000100000000)
  region size 1024K, 14 young (14336K), 7 survivors (7168K)
 Metaspace       used 117423K, capacity 120784K, committed 121420K, reserved 1155072K
  class space    used 14812K, capacity 16026K, committed 16256K, reserved 1048576K
}

