# JRE version: OpenJDK Runtime Environment (11.0.10) (build 11.0.10+0-b96-7249189)
# Java VM: OpenJDK 64-Bit Server VM (11.0.10+0-b96-7249189, mixed mode, tiered, compressed oops, g1 gc, windows-amd64)
Heap:
 garbage-first heap   total 461824K, used 204772K [0x0000000080000000, 0x0000000100000000)
  region size 1024K, 6 young (6144K), 6 survivors (6144K)
 Metaspace       used 99287K, capacity 101953K, committed 102860K, reserved 1138688K
  class space    used 13114K, capacity 14142K, committed 14540K, reserved 1048576K
GC Heap History (20 events):
Event: 9.794 GC heap after
{Heap after GC invocations=18 (full 0):
 garbage-first heap   total 251904K, used 139264K [0x0000000080000000, 0x0000000100000000)
  region size 1024K, 10 young (10240K), 10 survivors (10240K)
 Metaspace       used 95196K, capacity 98152K, committed 98380K, reserved 1134592K
  class space    used 12678K, capacity 13814K, committed 13900K, reserved 1048576K
}
Event: 9.882 GC heap before
{Heap before GC invocations=18 (full 0):
 garbage-first heap   total 251904K, used 197632K [0x0000000080000000, 0x0000000100000000)
  region size 1024K, 67 young (68608K), 10 survivors (10240K)
 Metaspace       used 95768K, capacity 98752K, committed 99020K, reserved 1134592K
  class space    used 12774K, capacity 13928K, committed 14028K, reserved 1048576K
}
Event: 9.894 GC heap after
{Heap after GC invocations=19 (full 0):
 garbage-first heap   total 251904K, used 151826K [0x0000000080000000, 0x0000000100000000)
  region size 1024K, 9 young (9216K), 9 survivors (9216K)
 Metaspace       used 95768K, capacity 98752K, committed 99020K, reserved 1134592K
  class space    used 12774K, capacity 13928K, committed 14028K, reserved 1048576K
}
Event: 9.949 GC heap before
{Heap before GC invocations=19 (full 0):
 garbage-first heap   total 251904K, used 200978K [0x0000000080000000, 0x0000000100000000)
  region size 1024K, 57 young (58368K), 9 survivors (9216K)
 Metaspace       used 94928K, capacity 97185K, committed 99020K, reserved 1134592K
  class space    used 12446K, capacity 13308K, committed 14028K, reserved 1048576K
}
Event: 9.962 GC heap after
{Heap after GC invocations=20 (full 0):
 garbage-first heap   total 303104K, used 162287K [0x0000000080000000, 0x0000000100000000)
  region size 1024K, 8 young (8192K), 8 survivors (8192K)
 Metaspace       used 94928K, capacity 97185K, committed 99020K, reserved 1134592K
  class space    used 12446K, capacity 13308K, committed 14028K, reserved 1048576K
}
Event: 10.038 GC heap before
{Heap before GC invocations=21 (full 0):
 garbage-first heap   total 303104K, used 232943K [0x0000000080000000, 0x0000000100000000)
  region size 1024K, 77 young (78848K), 8 survivors (8192K)
 Metaspace       used 96069K, capacity 98440K, committed 100172K, reserved 1134592K
  class space    used 12673K, capacity 13581K, committed 14156K, reserved 1048576K
}
Event: 10.049 GC heap after
{Heap after GC invocations=22 (full 0):
 garbage-first heap   total 303104K, used 174293K [0x0000000080000000, 0x0000000100000000)
  region size 1024K, 10 young (10240K), 10 survivors (10240K)
 Metaspace       used 96069K, capacity 98440K, committed 100172K, reserved 1134592K
  class space    used 12673K, capacity 13581K, committed 14156K, reserved 1048576K
}
Event: 10.132 GC heap before
{Heap before GC invocations=22 (full 0):
 garbage-first heap   total 303104K, used 238805K [0x0000000080000000, 0x0000000100000000)
  region size 1024K, 74 young (75776K), 10 survivors (10240K)
 Metaspace       used 96755K, capacity 99212K, committed 100812K, reserved 1136640K
  class space    used 12769K, capacity 13707K, committed 14284K, reserved 1048576K
}
Event: 10.143 GC heap after
{Heap after GC invocations=23 (full 0):
 garbage-first heap   total 303104K, used 184193K [0x0000000080000000, 0x0000000100000000)
  region size 1024K, 9 young (9216K), 9 survivors (9216K)
 Metaspace       used 96755K, capacity 99212K, committed 100812K, reserved 1136640K
  class space    used 12769K, capacity 13707K, committed 14284K, reserved 1048576K
}
Event: 10.234 GC heap before
{Heap before GC invocations=23 (full 0):
 garbage-first heap   total 303104K, used 245633K [0x0000000080000000, 0x0000000100000000)
  region size 1024K, 69 young (70656K), 9 survivors (9216K)
 Metaspace       used 97317K, capacity 99784K, committed 101196K, reserved 1136640K
  class space    used 12866K, capacity 13813K, committed 14412K, reserved 1048576K
}
Event: 10.244 GC heap after
{Heap after GC invocations=24 (full 0):
 garbage-first heap   total 303104K, used 193933K [0x0000000080000000, 0x0000000100000000)
  region size 1024K, 9 young (9216K), 9 survivors (9216K)
 Metaspace       used 97317K, capacity 99784K, committed 101196K, reserved 1136640K
  class space    used 12866K, capacity 13813K, committed 14412K, reserved 1048576K
}
Event: 10.382 GC heap before
{Heap before GC invocations=25 (full 0):
 garbage-first heap   total 303104K, used 247181K [0x0000000080000000, 0x0000000100000000)
  region size 1024K, 62 young (63488K), 9 survivors (9216K)
 Metaspace       used 97728K, capacity 100094K, committed 101708K, reserved 1136640K
  class space    used 12877K, capacity 13784K, committed 14412K, reserved 1048576K
}
Event: 10.393 GC heap after
{Heap after GC invocations=26 (full 0):
 garbage-first heap   total 364544K, used 200040K [0x0000000080000000, 0x0000000100000000)
  region size 1024K, 6 young (6144K), 6 survivors (6144K)
 Metaspace       used 97728K, capacity 100094K, committed 101708K, reserved 1136640K
  class space    used 12877K, capacity 13784K, committed 14412K, reserved 1048576K
}
Event: 10.415 GC heap before
{Heap before GC invocations=26 (full 0):
 garbage-first heap   total 364544K, used 211304K [0x0000000080000000, 0x0000000100000000)
  region size 1024K, 17 young (17408K), 6 survivors (6144K)
 Metaspace       used 97875K, capacity 100289K, committed 101964K, reserved 1136640K
  class space    used 12899K, capacity 13807K, committed 14412K, reserved 1048576K
}
Event: 10.419 GC heap after
{Heap after GC invocations=27 (full 0):
 garbage-first heap   total 364544K, used 200916K [0x0000000080000000, 0x0000000100000000)
  region size 1024K, 2 young (2048K), 2 survivors (2048K)
 Metaspace       used 97875K, capacity 100289K, committed 101964K, reserved 1136640K
  class space    used 12899K, capacity 13807K, committed 14412K, reserved 1048576K
}
Event: 10.569 GC heap before
{Heap before GC invocations=27 (full 0):
 garbage-first heap   total 364544K, used 274644K [0x0000000080000000, 0x0000000100000000)
  region size 1024K, 74 young (75776K), 2 survivors (2048K)
 Metaspace       used 98990K, capacity 101678K, committed 102604K, reserved 1136640K
  class space    used 13083K, capacity 14141K, committed 14540K, reserved 1048576K
}
Event: 10.574 GC heap after
{Heap after GC invocations=28 (full 0):
 garbage-first heap   total 364544K, used 200903K [0x0000000080000000, 0x0000000100000000)
  region size 1024K, 2 young (2048K), 2 survivors (2048K)
 Metaspace       used 98990K, capacity 101678K, committed 102604K, reserved 1136640K
  class space    used 13083K, capacity 14141K, committed 14540K, reserved 1048576K
}
Event: 10.770 GC heap before
{Heap before GC invocations=28 (full 0):
 garbage-first heap   total 364544K, used 277703K [0x0000000080000000, 0x0000000100000000)
  region size 1024K, 78 young (79872K), 2 survivors (2048K)
 Metaspace       used 99082K, capacity 101792K, committed 102860K, reserved 1138688K
  class space    used 13090K, capacity 14132K, committed 14540K, reserved 1048576K
}
Event: 10.774 GC heap after
{Heap after GC invocations=29 (full 0):
 garbage-first heap   total 364544K, used 200999K [0x0000000080000000, 0x0000000100000000)
  region size 1024K, 2 young (2048K), 2 survivors (2048K)
 Metaspace       used 99082K, capacity 101792K, committed 102860K, reserved 1138688K
  class space    used 13090K, capacity 14132K, committed 14540K, reserved 1048576K
}
Event: 10.901 GC heap before
{Heap before GC invocations=30 (full 0):
 garbage-first heap   total 364544K, used 281895K [0x0000000080000000, 0x0000000100000000)
  region size 1024K, 82 young (83968K), 2 survivors (2048K)
 Metaspace       used 99287K, capacity 101953K, committed 102860K, reserved 1138688K
  class space    used 13114K, capacity 14142K, committed 14540K, reserved 1048576K
}

